2021-10-30 15:43:34 INFO  Reflections:169 - Reflections took 8289 ms to scan 104 urls, producing 11301 keys and 60149 values 
2021-10-30 15:43:42 INFO  Reflections:169 - Reflections took 7867 ms to scan 104 urls, producing 11208 keys and 50834 values 
2021-10-30 15:43:44 INFO  WebDriverManager:600 - Using chromedriver 95.0.4638.54 (since Google Chrome 95 is installed in your machine)
2021-10-30 15:43:44 INFO  WebDriverManager:1042 - Reading https://chromedriver.storage.googleapis.com/ to seek chromedriver
2021-10-30 15:43:46 ERROR WebDriverManager:555 - chromedriver 95.0.4638.54 for WIN64 not found in https://chromedriver.storage.googleapis.com/
2021-10-30 15:43:46 WARN  WebDriverManager:749 - There was an error managing chromedriver 95.0.4638.54 (chromedriver 95.0.4638.54 for WIN64 not found in https://chromedriver.storage.googleapis.com/) ... trying again using cache and mirror
2021-10-30 15:44:35 ERROR WebDriverManager:555 - chromedriver 95.0.4638.54 for WIN64 not found in http://npm.taobao.org/mirrors/chromedriver
2021-10-30 15:44:35 ERROR WebDriverManager:753 - There was an error managing chromedriver 95.0.4638.54 (chromedriver 95.0.4638.54 for WIN64 not found in http://npm.taobao.org/mirrors/chromedriver)
io.github.bonigarcia.wdm.WebDriverManagerException: chromedriver 95.0.4638.54 for WIN64 not found in http://npm.taobao.org/mirrors/chromedriver
	at io.github.bonigarcia.wdm.WebDriverManager.manage(WebDriverManager.java:556)
	at io.github.bonigarcia.wdm.WebDriverManager.handleException(WebDriverManager.java:751)
	at io.github.bonigarcia.wdm.WebDriverManager.manage(WebDriverManager.java:563)
	at io.github.bonigarcia.wdm.WebDriverManager.setup(WebDriverManager.java:260)
	at driver.DriverFactory.getDriver(DriverFactory.java:29)
	at driver.Driver.initializeDriver(Driver.java:16)
	at sun.reflect.NativeMethodAccessorImpl.invoke0(Native Method)
	at sun.reflect.NativeMethodAccessorImpl.invoke(NativeMethodAccessorImpl.java:62)
	at sun.reflect.DelegatingMethodAccessorImpl.invoke(DelegatingMethodAccessorImpl.java:43)
	at java.lang.reflect.Method.invoke(Method.java:498)
	at com.thoughtworks.gauge.execution.MethodExecutor.execute(MethodExecutor.java:28)
	at com.thoughtworks.gauge.execution.HooksExecutor$TaggedHookExecutor.executeHook(HooksExecutor.java:92)
	at com.thoughtworks.gauge.execution.HooksExecutor$TaggedHookExecutor.execute(HooksExecutor.java:78)
	at com.thoughtworks.gauge.execution.HooksExecutor.execute(HooksExecutor.java:35)
	at com.thoughtworks.gauge.processor.MethodExecutionMessageProcessor.executeHooks(MethodExecutionMessageProcessor.java:55)
	at com.thoughtworks.gauge.processor.SuiteExecutionStartingProcessor.process(SuiteExecutionStartingProcessor.java:26)
	at com.thoughtworks.gauge.RunnerServiceHandler.lambda$startExecution$1(RunnerServiceHandler.java:62)
	at java.util.concurrent.ThreadPoolExecutor.runWorker(ThreadPoolExecutor.java:1149)
	at java.util.concurrent.ThreadPoolExecutor$Worker.run(ThreadPoolExecutor.java:624)
	at java.lang.Thread.run(Thread.java:748)
2021-10-30 15:48:11 INFO  Reflections:169 - Reflections took 7410 ms to scan 104 urls, producing 11255 keys and 59697 values 
2021-10-30 15:48:19 INFO  Reflections:169 - Reflections took 7462 ms to scan 104 urls, producing 11162 keys and 50666 values 
2021-10-30 15:48:20 INFO  WebDriverManager:600 - Using chromedriver 95.0.4638.54 (since Google Chrome 95 is installed in your machine)
2021-10-30 15:48:21 INFO  WebDriverManager:1042 - Reading https://chromedriver.storage.googleapis.com/ to seek chromedriver
2021-10-30 15:48:22 ERROR WebDriverManager:555 - chromedriver 95.0.4638.54 for WIN64 not found in https://chromedriver.storage.googleapis.com/
2021-10-30 15:48:22 WARN  WebDriverManager:749 - There was an error managing chromedriver 95.0.4638.54 (chromedriver 95.0.4638.54 for WIN64 not found in https://chromedriver.storage.googleapis.com/) ... trying again using cache and mirror
2021-10-30 15:50:07 INFO  Reflections:169 - Reflections took 6944 ms to scan 104 urls, producing 11255 keys and 59697 values 
2021-10-30 15:50:14 INFO  Reflections:169 - Reflections took 7772 ms to scan 104 urls, producing 11162 keys and 50666 values 
2021-10-30 15:50:16 INFO  WebDriverManager:600 - Using chromedriver 95.0.4638.54 (since Google Chrome 95 is installed in your machine)
2021-10-30 15:50:16 INFO  WebDriverManager:1042 - Reading https://chromedriver.storage.googleapis.com/ to seek chromedriver
2021-10-30 15:50:18 ERROR WebDriverManager:555 - chromedriver 95.0.4638.54 for WIN64 not found in https://chromedriver.storage.googleapis.com/
2021-10-30 15:50:18 WARN  WebDriverManager:749 - There was an error managing chromedriver 95.0.4638.54 (chromedriver 95.0.4638.54 for WIN64 not found in https://chromedriver.storage.googleapis.com/) ... trying again using cache and mirror
2021-10-30 15:58:21 INFO  Reflections:169 - Reflections took 7444 ms to scan 100 urls, producing 11213 keys and 59626 values 
2021-10-30 15:58:28 INFO  Reflections:169 - Reflections took 6836 ms to scan 100 urls, producing 11122 keys and 50332 values 
2021-10-30 15:58:47 INFO  HomePage:15 - Uygulama düzgün olarak başladı
2021-10-30 15:58:49 INFO  Shopping:13 - Alışveriş Sayfası Açıldığı Doğrulandı
2021-10-30 15:58:52 INFO  CategoryPage:13 - Kategoriler sayfasında olduğu doğrulandı
2021-10-30 15:59:04 INFO  Product:13 - Product detail sayfasında olduğu doğrulandı
2021-10-30 15:59:05 INFO  Login:13 - login sayfası doğrulandı
2021-10-30 17:03:59 INFO  Reflections:169 - Reflections took 10432 ms to scan 100 urls, producing 11213 keys and 59626 values 
2021-10-30 17:04:08 INFO  Reflections:169 - Reflections took 8494 ms to scan 100 urls, producing 11122 keys and 50332 values 
2021-10-30 17:04:26 INFO  HomePage:15 - Uygulama düzgün olarak başladı
2021-10-30 17:04:29 INFO  Shopping:13 - Alışveriş Sayfası Açıldığı Doğrulandı
2021-10-30 17:04:31 INFO  CategoryPage:13 - Kategoriler sayfasında olduğu doğrulandı
2021-10-30 17:04:43 INFO  Product:13 - Product detail sayfasında olduğu doğrulandı
2021-10-30 17:04:44 INFO  Login:13 - login sayfası doğrulandı
2021-10-30 17:11:38 INFO  Reflections:169 - Reflections took 8249 ms to scan 100 urls, producing 11213 keys and 59626 values 
2021-10-30 17:11:46 INFO  Reflections:169 - Reflections took 7262 ms to scan 100 urls, producing 11122 keys and 50332 values 
2021-10-30 17:12:04 INFO  HomePage:15 - Uygulama düzgün olarak başladı
2021-10-30 17:12:06 INFO  Shopping:13 - Alışveriş Sayfası Açıldığı Doğrulandı
2021-10-30 17:12:09 INFO  CategoryPage:13 - Kategoriler sayfasında olduğu doğrulandı
2021-10-30 17:12:20 INFO  Product:13 - Product detail sayfasında olduğu doğrulandı
2021-10-30 17:12:21 INFO  Login:13 - login sayfası doğrulandı
2021-10-30 17:14:25 INFO  Reflections:169 - Reflections took 6701 ms to scan 100 urls, producing 11213 keys and 59626 values 
2021-10-30 17:14:33 INFO  Reflections:169 - Reflections took 8267 ms to scan 100 urls, producing 11122 keys and 50332 values 
2021-10-30 17:14:50 INFO  HomePage:15 - Uygulama düzgün olarak başladı
2021-10-30 17:14:53 INFO  Shopping:13 - Alışveriş Sayfası Açıldığı Doğrulandı
2021-10-30 17:14:56 INFO  CategoryPage:13 - Kategoriler sayfasında olduğu doğrulandı
2021-10-30 17:15:07 INFO  Product:13 - Product detail sayfasında olduğu doğrulandı
2021-10-30 17:15:08 INFO  Login:13 - login sayfası doğrulandı
2021-10-30 17:50:18 INFO  Reflections:169 - Reflections took 6949 ms to scan 100 urls, producing 11213 keys and 59626 values 
2021-10-30 17:50:25 INFO  Reflections:169 - Reflections took 7198 ms to scan 100 urls, producing 11122 keys and 50332 values 
2021-10-30 17:50:41 INFO  HomePage:15 - Uygulamanın düzgün olarak başladığını gördük.
2021-10-30 17:50:43 INFO  Shopping:13 - Alışveriş Sayfasının Açıldığı Doğrulandı.
2021-10-30 17:50:46 INFO  CategoryPage:13 - Kategoriler sayfasında olduğumuzu doğruladık.
2021-10-30 17:50:56 INFO  Product:13 - Ürün detayları sayfasında olduğumuz doğrulandı.
2021-10-30 17:50:57 INFO  Login:13 - login sayfasında olduğumuz doğrulandı.
