30-10-2021 14:54:49.549 [Gauge] [INFO] Watching directory: C:\Users\testinium\IdeaProjects\AppiumHomeworkToyanc\specs
30-10-2021 14:54:49.551 [Gauge] [INFO] Initializing concepts cache with 0 concepts
30-10-2021 14:54:49.551 [Gauge] [DEBUG] Found 1 files
30-10-2021 14:54:49.551 [Gauge] [INFO] Initializing specs cache with 1 specs
30-10-2021 14:54:49.551 [Gauge] [DEBUG] Adding specs from C:\Users\testinium\IdeaProjects\AppiumHomeworkToyanc\specs\example.spec
30-10-2021 14:54:49.551 [Gauge] [INFO] Initializing steps cache with 1 steps
30-10-2021 14:54:49.551 [Gauge] [INFO] Gauge daemon initialized and listening on port: 53016
30-10-2021 14:57:09.349 [Gauge] [DEBUG] Api Request Received: messageType:GetStepValueRequest messageId:4 stepValueRequest:<stepText:"Go to Gauge Get Started Page" > 
30-10-2021 14:57:09.400 [Gauge] [DEBUG] Sending API response: messageType:GetStepValueResponse messageId:4 stepValueResponse:<stepValue:<stepValue:"Go to Gauge Get Started Page" parameterizedStepValue:"Go to Gauge Get Started Page" > > 
30-10-2021 14:57:09.427 [Gauge] [DEBUG] Api Request Received: messageType:GetStepValueRequest messageId:4 stepValueRequest:<stepText:"Ensure installation instructions are available" > 
30-10-2021 14:57:09.432 [Gauge] [DEBUG] Sending API response: messageType:GetStepValueResponse messageId:4 stepValueResponse:<stepValue:<stepValue:"Ensure installation instructions are available" parameterizedStepValue:"Ensure installation instructions are available" > > 
30-10-2021 14:57:09.449 [Gauge] [DEBUG] Api Request Received: messageType:GetStepValueRequest messageId:4 stepValueRequest:<stepText:"Open the Gauge homepage" > 
30-10-2021 14:57:09.459 [Gauge] [DEBUG] Sending API response: messageType:GetStepValueResponse messageId:4 stepValueResponse:<stepValue:<stepValue:"Open the Gauge homepage" parameterizedStepValue:"Open the Gauge homepage" > > 
30-10-2021 14:58:14.704 [Gauge] [INFO] Spec file added / modified: C:\Users\testinium\IdeaProjects\AppiumHomeworkToyanc\specs\example.spec
30-10-2021 14:59:01.296 [Gauge] [DEBUG] Api Request Received: messageType:GetStepValueRequest messageId:4 stepValueRequest:<stepText:"Rastgele bir \303\274r\303\274n se\303\247 ve sepete ekle" > 
30-10-2021 14:59:01.310 [Gauge] [DEBUG] Sending API response: messageType:GetStepValueResponse messageId:4 stepValueResponse:<stepValue:<stepValue:"Rastgele bir \303\274r\303\274n se\303\247 ve sepete ekle" parameterizedStepValue:"Rastgele bir \303\274r\303\274n se\303\247 ve sepete ekle" > > 
30-10-2021 14:59:01.637 [Gauge] [DEBUG] Api Request Received: messageType:GetStepValueRequest messageId:4 stepValueRequest:<stepText:"Al\304\261\305\237veri\305\237e Ba\305\237la" > 
30-10-2021 14:59:01.637 [Gauge] [DEBUG] Sending API response: messageType:GetStepValueResponse messageId:4 stepValueResponse:<stepValue:<stepValue:"Al\304\261\305\237veri\305\237e Ba\305\237la" parameterizedStepValue:"Al\304\261\305\237veri\305\237e Ba\305\237la" > > 
30-10-2021 14:59:01.779 [Gauge] [DEBUG] Api Request Received: messageType:GetStepValueRequest messageId:4 stepValueRequest:<stepText:"Kad\304\261n kategorisinde pantolon sayfas\304\261na git" > 
30-10-2021 14:59:01.787 [Gauge] [DEBUG] Sending API response: messageType:GetStepValueResponse messageId:4 stepValueResponse:<stepValue:<stepValue:"Kad\304\261n kategorisinde pantolon sayfas\304\261na git" parameterizedStepValue:"Kad\304\261n kategorisinde pantolon sayfas\304\261na git" > > 
30-10-2021 14:59:01.880 [Gauge] [DEBUG] Api Request Received: messageType:GetStepValueRequest messageId:4 stepValueRequest:<stepText:"\304\260ki defa scroll et ve rastgele bir \303\274r\303\274n se\303\247" > 
30-10-2021 14:59:01.884 [Gauge] [DEBUG] Sending API response: messageType:GetStepValueResponse messageId:4 stepValueResponse:<stepValue:<stepValue:"\304\260ki defa scroll et ve rastgele bir \303\274r\303\274n se\303\247" parameterizedStepValue:"\304\260ki defa scroll et ve rastgele bir \303\274r\303\274n se\303\247" > > 
30-10-2021 14:59:02.152 [Gauge] [DEBUG] Api Request Received: messageType:GetStepValueRequest messageId:4 stepValueRequest:<stepText:"Login sayfas\304\261nda i\305\237lemleri yap" > 
30-10-2021 14:59:02.161 [Gauge] [DEBUG] Sending API response: messageType:GetStepValueResponse messageId:4 stepValueResponse:<stepValue:<stepValue:"Login sayfas\304\261nda i\305\237lemleri yap" parameterizedStepValue:"Login sayfas\304\261nda i\305\237lemleri yap" > > 
30-10-2021 14:59:02.337 [Gauge] [DEBUG] Api Request Received: messageType:GetStepValueRequest messageId:4 stepValueRequest:<stepText:"\304\260ki defa geri git" > 
30-10-2021 14:59:02.347 [Gauge] [DEBUG] Sending API response: messageType:GetStepValueResponse messageId:4 stepValueResponse:<stepValue:<stepValue:"\304\260ki defa geri git" parameterizedStepValue:"\304\260ki defa geri git" > > 
30-10-2021 14:59:30.214 [Gauge] [INFO] Spec file removed: C:\Users\testinium\IdeaProjects\AppiumHomeworkToyanc\specs\example.spec
30-10-2021 15:00:24.398 [Gauge] [INFO] Concept file added / modified: C:\Users\testinium\IdeaProjects\AppiumHomeworkToyanc\specs\homework.spec.cpt
30-10-2021 15:00:24.420 [Gauge] [INFO] Concept file added / modified: C:\Users\testinium\IdeaProjects\AppiumHomeworkToyanc\specs\homework.spec.cpt
30-10-2021 15:00:24.447 [Gauge] [INFO] Concept file added / modified: C:\Users\testinium\IdeaProjects\AppiumHomeworkToyanc\specs\homework.spec.cpt
30-10-2021 15:00:24.974 [Gauge] [DEBUG] Api Request Received: messageType:GetStepValueRequest messageId:4 stepValueRequest:<stepText:"step1" > 
30-10-2021 15:00:24.974 [Gauge] [DEBUG] Sending API response: messageType:GetStepValueResponse messageId:4 stepValueResponse:<stepValue:<stepValue:"step1" parameterizedStepValue:"step1" > > 
30-10-2021 15:00:25.088 [Gauge] [DEBUG] Api Request Received: messageType:GetStepValueRequest messageId:4 stepValueRequest:<stepText:" Concept Heading" > 
30-10-2021 15:00:25.096 [Gauge] [DEBUG] Sending API response: messageType:GetStepValueResponse messageId:4 stepValueResponse:<stepValue:<stepValue:"Concept Heading" parameterizedStepValue:"Concept Heading" > > 
30-10-2021 15:00:25.096 [Gauge] [DEBUG] Api Request Received: messageType:GetStepValueRequest messageId:4 stepValueRequest:<stepText:"step2" > 
30-10-2021 15:00:25.096 [Gauge] [DEBUG] Sending API response: messageType:GetStepValueResponse messageId:4 stepValueResponse:<stepValue:<stepValue:"step2" parameterizedStepValue:"step2" > > 
30-10-2021 15:00:31.501 [Gauge] [INFO] Concept file removed: C:\Users\testinium\IdeaProjects\AppiumHomeworkToyanc\specs\homework.spec.cpt
30-10-2021 15:00:40.207 [Gauge] [INFO] Concept file added / modified: C:\Users\testinium\IdeaProjects\AppiumHomeworkToyanc\specs\homework.cpt
30-10-2021 15:00:40.227 [Gauge] [INFO] Concept file added / modified: C:\Users\testinium\IdeaProjects\AppiumHomeworkToyanc\specs\homework.cpt
30-10-2021 15:00:40.229 [Gauge] [INFO] Concept file added / modified: C:\Users\testinium\IdeaProjects\AppiumHomeworkToyanc\specs\homework.cpt
30-10-2021 15:00:45.659 [Gauge] [INFO] Concept file removed: C:\Users\testinium\IdeaProjects\AppiumHomeworkToyanc\specs\homework.cpt
30-10-2021 15:01:08.104 [Gauge] [INFO] Concept file added / modified: C:\Users\testinium\IdeaProjects\AppiumHomeworkToyanc\specs\HomeworkOzdilek.cpt
30-10-2021 15:01:08.124 [Gauge] [INFO] Concept file added / modified: C:\Users\testinium\IdeaProjects\AppiumHomeworkToyanc\specs\HomeworkOzdilek.cpt
30-10-2021 15:01:08.128 [Gauge] [INFO] Concept file added / modified: C:\Users\testinium\IdeaProjects\AppiumHomeworkToyanc\specs\HomeworkOzdilek.cpt
30-10-2021 15:01:28.419 [Gauge] [DEBUG] Api Request Received: messageType:GetStepValueRequest messageId:4 stepValueRequest:<stepText:"Specification Heading" > 
30-10-2021 15:01:28.430 [Gauge] [DEBUG] Sending API response: messageType:GetStepValueResponse messageId:4 stepValueResponse:<stepValue:<stepValue:"Specification Heading" parameterizedStepValue:"Specification Heading" > > 
30-10-2021 15:01:45.907 [Gauge] [DEBUG] Api Request Received: messageType:GetStepValueRequest messageId:4 stepValueRequest:<stepText:"* Al\304\261\305\237veri\305\237e Ba\305\237la" > 
30-10-2021 15:01:45.908 [Gauge] [DEBUG] Sending API response: messageType:GetStepValueResponse messageId:4 stepValueResponse:<stepValue:<stepValue:"* Al\304\261\305\237veri\305\237e Ba\305\237la" parameterizedStepValue:"* Al\304\261\305\237veri\305\237e Ba\305\237la" > > 
30-10-2021 15:01:45.908 [Gauge] [DEBUG] Api Request Received: messageType:GetStepValueRequest messageId:4 stepValueRequest:<stepText:"* Kad\304\261n kategorisinde pantolon sayfas\304\261na git" > 
30-10-2021 15:01:45.908 [Gauge] [DEBUG] Sending API response: messageType:GetStepValueResponse messageId:4 stepValueResponse:<stepValue:<stepValue:"* Kad\304\261n kategorisinde pantolon sayfas\304\261na git" parameterizedStepValue:"* Kad\304\261n kategorisinde pantolon sayfas\304\261na git" > > 
30-10-2021 15:01:45.908 [Gauge] [DEBUG] Api Request Received: messageType:GetStepValueRequest messageId:4 stepValueRequest:<stepText:"* \304\260ki defa scroll et ve rastgele bir \303\274r\303\274n se\303\247" > 
30-10-2021 15:01:45.908 [Gauge] [DEBUG] Sending API response: messageType:GetStepValueResponse messageId:4 stepValueResponse:<stepValue:<stepValue:"* \304\260ki defa scroll et ve rastgele bir \303\274r\303\274n se\303\247" parameterizedStepValue:"* \304\260ki defa scroll et ve rastgele bir \303\274r\303\274n se\303\247" > > 
30-10-2021 15:01:45.909 [Gauge] [DEBUG] Api Request Received: messageType:GetStepValueRequest messageId:4 stepValueRequest:<stepText:"* Login sayfas\304\261nda i\305\237lemleri yap" > 
30-10-2021 15:01:45.909 [Gauge] [DEBUG] Sending API response: messageType:GetStepValueResponse messageId:4 stepValueResponse:<stepValue:<stepValue:"* Login sayfas\304\261nda i\305\237lemleri yap" parameterizedStepValue:"* Login sayfas\304\261nda i\305\237lemleri yap" > > 
30-10-2021 15:01:45.909 [Gauge] [DEBUG] Api Request Received: messageType:GetStepValueRequest messageId:4 stepValueRequest:<stepText:"* \304\260ki defa geri git" > 
30-10-2021 15:01:45.909 [Gauge] [DEBUG] Sending API response: messageType:GetStepValueResponse messageId:4 stepValueResponse:<stepValue:<stepValue:"* \304\260ki defa geri git" parameterizedStepValue:"* \304\260ki defa geri git" > > 
30-10-2021 15:01:45.909 [Gauge] [DEBUG] Api Request Received: messageType:GetStepValueRequest messageId:4 stepValueRequest:<stepText:"* Rastgele bir \303\274r\303\274n se\303\247 ve sepete ekle" > 
30-10-2021 15:01:45.910 [Gauge] [DEBUG] Sending API response: messageType:GetStepValueResponse messageId:4 stepValueResponse:<stepValue:<stepValue:"* Rastgele bir \303\274r\303\274n se\303\247 ve sepete ekle" parameterizedStepValue:"* Rastgele bir \303\274r\303\274n se\303\247 ve sepete ekle" > > 
30-10-2021 15:03:49.704 [Gauge] [INFO] Concept file added / modified: C:\Users\testinium\IdeaProjects\AppiumHomeworkToyanc\specs\HomeworkOzdilek.cpt
30-10-2021 15:03:49.719 [Gauge] [ERROR] Parse failure: [[ParseError] C:\Users\testinium\IdeaProjects\AppiumHomeworkToyanc\specs\HomeworkOzdilek.cpt:10 Scenario Heading is not allowed in concept file => 'Ozdilek EndToEnd']
30-10-2021 15:03:49.719 [Gauge] [INFO] Concept file added / modified: C:\Users\testinium\IdeaProjects\AppiumHomeworkToyanc\specs\HomeworkOzdilek.cpt
30-10-2021 15:03:49.720 [Gauge] [ERROR] Parse failure: [[ParseError] C:\Users\testinium\IdeaProjects\AppiumHomeworkToyanc\specs\HomeworkOzdilek.cpt:10 Scenario Heading is not allowed in concept file => 'Ozdilek EndToEnd']
30-10-2021 15:08:23.544 [Gauge] [INFO] Concept file added / modified: C:\Users\testinium\IdeaProjects\AppiumHomeworkToyanc\specs\steps.cpt
30-10-2021 15:08:23.571 [Gauge] [INFO] Concept file added / modified: C:\Users\testinium\IdeaProjects\AppiumHomeworkToyanc\specs\steps.cpt
30-10-2021 15:08:23.591 [Gauge] [INFO] Concept file added / modified: C:\Users\testinium\IdeaProjects\AppiumHomeworkToyanc\specs\steps.cpt
30-10-2021 15:08:30.444 [Gauge] [INFO] Concept file added / modified: C:\Users\testinium\IdeaProjects\AppiumHomeworkToyanc\specs\steps.cpt
30-10-2021 15:08:43.014 [Gauge] [DEBUG] Api Request Received: messageType:GetStepValueRequest messageId:4 stepValueRequest:<stepText:"\"3\" saniye bekle" > 
30-10-2021 15:08:43.019 [Gauge] [DEBUG] Sending API response: messageType:GetStepValueResponse messageId:4 stepValueResponse:<stepValue:<stepValue:"{} saniye bekle" parameterizedStepValue:"<3> saniye bekle" parameters:"3" > > 
30-10-2021 15:08:43.331 [Gauge] [DEBUG] Api Request Received: messageType:GetStepValueRequest messageId:4 stepValueRequest:<stepText:"\"com.ozdilek.ozdilekteyim:id/etPassword\" \304\260d'li elemente \"sifre\" de\304\237erini yaz" > 
30-10-2021 15:08:43.340 [Gauge] [DEBUG] Sending API response: messageType:GetStepValueResponse messageId:4 stepValueResponse:<stepValue:<stepValue:"{} \304\260d'li elemente {} de\304\237erini yaz" parameterizedStepValue:"<com.ozdilek.ozdilekteyim:id/etPassword> \304\260d'li elemente <sifre> de\304\237erini yaz" parameters:"com.ozdilek.ozdilekteyim:id/etPassword" parameters:"sifre" > > 
30-10-2021 15:08:43.359 [Gauge] [DEBUG] Api Request Received: messageType:GetStepValueRequest messageId:4 stepValueRequest:<stepText:"\"1\" saniye bekle" > 
30-10-2021 15:08:43.359 [Gauge] [DEBUG] Sending API response: messageType:GetStepValueResponse messageId:4 stepValueResponse:<stepValue:<stepValue:"{} saniye bekle" parameterizedStepValue:"<1> saniye bekle" parameters:"1" > > 
30-10-2021 15:08:43.361 [Gauge] [DEBUG] Api Request Received: messageType:GetStepValueRequest messageId:4 stepValueRequest:<stepText:"\"com.ozdilek.ozdilekteyim:id/ivBack\" \304\260d'li elemente t\304\261kla" > 
30-10-2021 15:08:43.362 [Gauge] [DEBUG] Sending API response: messageType:GetStepValueResponse messageId:4 stepValueResponse:<stepValue:<stepValue:"{} \304\260d'li elemente t\304\261kla" parameterizedStepValue:"<com.ozdilek.ozdilekteyim:id/ivBack> \304\260d'li elemente t\304\261kla" parameters:"com.ozdilek.ozdilekteyim:id/ivBack" > > 
30-10-2021 15:08:43.363 [Gauge] [DEBUG] Api Request Received: messageType:GetStepValueRequest messageId:4 stepValueRequest:<stepText:"\"//android.widget.ImageView[@resource-id='com.ozdilek.ozdilekteyim:id/imageView']\" xpath'te bulunan sayfada g\303\266r\303\274nen t\303\274m \303\274r\303\274nleri bul ve rastgele bir \303\274r\303\274ne t\304\261kla" > 
30-10-2021 15:08:43.366 [Gauge] [DEBUG] Sending API response: messageType:GetStepValueResponse messageId:4 stepValueResponse:<stepValue:<stepValue:"{} xpath'te bulunan sayfada g\303\266r\303\274nen t\303\274m \303\274r\303\274nleri bul ve rastgele bir \303\274r\303\274ne t\304\261kla" parameterizedStepValue:"<//android.widget.ImageView[@resource-id='com.ozdilek.ozdilekteyim:id/imageView']> xpath'te bulunan sayfada g\303\266r\303\274nen t\303\274m \303\274r\303\274nleri bul ve rastgele bir \303\274r\303\274ne t\304\261kla" parameters:"//android.widget.ImageView[@resource-id='com.ozdilek.ozdilekteyim:id/imageView']" > > 
30-10-2021 15:08:43.367 [Gauge] [DEBUG] Api Request Received: messageType:GetStepValueRequest messageId:4 stepValueRequest:<stepText:"\"2\" saniye bekle" > 
30-10-2021 15:08:43.371 [Gauge] [DEBUG] Sending API response: messageType:GetStepValueResponse messageId:4 stepValueResponse:<stepValue:<stepValue:"{} saniye bekle" parameterizedStepValue:"<2> saniye bekle" parameters:"2" > > 
30-10-2021 15:08:43.372 [Gauge] [DEBUG] Api Request Received: messageType:GetStepValueRequest messageId:4 stepValueRequest:<stepText:"A\303\247\304\261l\304\261\305\237 Sayfas\304\261 Kontrol" > 
30-10-2021 15:08:43.372 [Gauge] [DEBUG] Sending API response: messageType:GetStepValueResponse messageId:4 stepValueResponse:<stepValue:<stepValue:"A\303\247\304\261l\304\261\305\237 Sayfas\304\261 Kontrol" parameterizedStepValue:"A\303\247\304\261l\304\261\305\237 Sayfas\304\261 Kontrol" > > 
30-10-2021 15:08:43.405 [Gauge] [DEBUG] Api Request Received: messageType:GetStepValueRequest messageId:4 stepValueRequest:<stepText:" Al\304\261\305\237veri\305\237e Ba\305\237la" > 
30-10-2021 15:08:43.405 [Gauge] [DEBUG] Sending API response: messageType:GetStepValueResponse messageId:4 stepValueResponse:<stepValue:<stepValue:"Al\304\261\305\237veri\305\237e Ba\305\237la" parameterizedStepValue:"Al\304\261\305\237veri\305\237e Ba\305\237la" > > 
30-10-2021 15:08:43.412 [Gauge] [DEBUG] Api Request Received: messageType:GetStepValueRequest messageId:4 stepValueRequest:<stepText:" Kad\304\261n kategorisinde pantolon sayfas\304\261na git" > 
30-10-2021 15:08:43.412 [Gauge] [DEBUG] Sending API response: messageType:GetStepValueResponse messageId:4 stepValueResponse:<stepValue:<stepValue:"Kad\304\261n kategorisinde pantolon sayfas\304\261na git" parameterizedStepValue:"Kad\304\261n kategorisinde pantolon sayfas\304\261na git" > > 
30-10-2021 15:08:43.413 [Gauge] [DEBUG] Api Request Received: messageType:GetStepValueRequest messageId:4 stepValueRequest:<stepText:" \304\260ki defa scroll et ve rastgele bir \303\274r\303\274n se\303\247" > 
30-10-2021 15:08:43.413 [Gauge] [DEBUG] Sending API response: messageType:GetStepValueResponse messageId:4 stepValueResponse:<stepValue:<stepValue:"\304\260ki defa scroll et ve rastgele bir \303\274r\303\274n se\303\247" parameterizedStepValue:"\304\260ki defa scroll et ve rastgele bir \303\274r\303\274n se\303\247" > > 
30-10-2021 15:08:43.413 [Gauge] [DEBUG] Api Request Received: messageType:GetStepValueRequest messageId:4 stepValueRequest:<stepText:" Login sayfas\304\261nda i\305\237lemleri yap" > 
30-10-2021 15:08:43.413 [Gauge] [DEBUG] Sending API response: messageType:GetStepValueResponse messageId:4 stepValueResponse:<stepValue:<stepValue:"Login sayfas\304\261nda i\305\237lemleri yap" parameterizedStepValue:"Login sayfas\304\261nda i\305\237lemleri yap" > > 
30-10-2021 15:08:43.413 [Gauge] [DEBUG] Api Request Received: messageType:GetStepValueRequest messageId:4 stepValueRequest:<stepText:" \304\260ki defa geri git" > 
30-10-2021 15:08:43.413 [Gauge] [DEBUG] Sending API response: messageType:GetStepValueResponse messageId:4 stepValueResponse:<stepValue:<stepValue:"\304\260ki defa geri git" parameterizedStepValue:"\304\260ki defa geri git" > > 
30-10-2021 15:08:43.414 [Gauge] [DEBUG] Api Request Received: messageType:GetStepValueRequest messageId:4 stepValueRequest:<stepText:" Rastgele bir \303\274r\303\274n se\303\247 ve sepete ekle" > 
30-10-2021 15:08:43.414 [Gauge] [DEBUG] Sending API response: messageType:GetStepValueResponse messageId:4 stepValueResponse:<stepValue:<stepValue:"Rastgele bir \303\274r\303\274n se\303\247 ve sepete ekle" parameterizedStepValue:"Rastgele bir \303\274r\303\274n se\303\247 ve sepete ekle" > > 
30-10-2021 15:08:43.414 [Gauge] [DEBUG] Api Request Received: messageType:GetStepValueRequest messageId:4 stepValueRequest:<stepText:"\"com.ozdilek.ozdilekteyim:id/tv_startShoppingStore\" \304\260d'li elemente t\304\261kla" > 
30-10-2021 15:08:43.414 [Gauge] [DEBUG] Sending API response: messageType:GetStepValueResponse messageId:4 stepValueResponse:<stepValue:<stepValue:"{} \304\260d'li elemente t\304\261kla" parameterizedStepValue:"<com.ozdilek.ozdilekteyim:id/tv_startShoppingStore> \304\260d'li elemente t\304\261kla" parameters:"com.ozdilek.ozdilekteyim:id/tv_startShoppingStore" > > 
30-10-2021 15:08:43.415 [Gauge] [DEBUG] Api Request Received: messageType:GetStepValueRequest messageId:4 stepValueRequest:<stepText:"Al\304\261\305\237veri\305\237 Sayfas\304\261 Do\304\237rula" > 
30-10-2021 15:08:43.415 [Gauge] [DEBUG] Sending API response: messageType:GetStepValueResponse messageId:4 stepValueResponse:<stepValue:<stepValue:"Al\304\261\305\237veri\305\237 Sayfas\304\261 Do\304\237rula" parameterizedStepValue:"Al\304\261\305\237veri\305\237 Sayfas\304\261 Do\304\237rula" > > 
30-10-2021 15:08:43.460 [Gauge] [DEBUG] Api Request Received: messageType:GetStepValueRequest messageId:4 stepValueRequest:<stepText:"\"com.ozdilek.ozdilekteyim:id/nav_categories\" \304\260d'li elemente t\304\261kla" > 
30-10-2021 15:08:43.460 [Gauge] [DEBUG] Sending API response: messageType:GetStepValueResponse messageId:4 stepValueResponse:<stepValue:<stepValue:"{} \304\260d'li elemente t\304\261kla" parameterizedStepValue:"<com.ozdilek.ozdilekteyim:id/nav_categories> \304\260d'li elemente t\304\261kla" parameters:"com.ozdilek.ozdilekteyim:id/nav_categories" > > 
30-10-2021 15:08:43.464 [Gauge] [DEBUG] Api Request Received: messageType:GetStepValueRequest messageId:4 stepValueRequest:<stepText:"Kategori Sayfas\304\261 Kontrol" > 
30-10-2021 15:08:43.465 [Gauge] [DEBUG] Sending API response: messageType:GetStepValueResponse messageId:4 stepValueResponse:<stepValue:<stepValue:"Kategori Sayfas\304\261 Kontrol" parameterizedStepValue:"Kategori Sayfas\304\261 Kontrol" > > 
30-10-2021 15:08:43.516 [Gauge] [DEBUG] Api Request Received: messageType:GetStepValueRequest messageId:4 stepValueRequest:<stepText:"\"//android.widget.RelativeLayout[@index=1]\" xpath'li elemente t\304\261kla" > 
30-10-2021 15:08:43.523 [Gauge] [DEBUG] Sending API response: messageType:GetStepValueResponse messageId:4 stepValueResponse:<stepValue:<stepValue:"{} xpath'li elemente t\304\261kla" parameterizedStepValue:"<//android.widget.RelativeLayout[@index=1]> xpath'li elemente t\304\261kla" parameters:"//android.widget.RelativeLayout[@index=1]" > > 
30-10-2021 15:08:43.524 [Gauge] [DEBUG] Api Request Received: messageType:GetStepValueRequest messageId:4 stepValueRequest:<stepText:"\"//android.widget.TextView[@text='Pantolon']\" xpath'li elemente t\304\261kla" > 
30-10-2021 15:08:43.524 [Gauge] [DEBUG] Sending API response: messageType:GetStepValueResponse messageId:4 stepValueResponse:<stepValue:<stepValue:"{} xpath'li elemente t\304\261kla" parameterizedStepValue:"<//android.widget.TextView[@text='Pantolon']> xpath'li elemente t\304\261kla" parameters:"//android.widget.TextView[@text='Pantolon']" > > 
30-10-2021 15:08:43.525 [Gauge] [DEBUG] Api Request Received: messageType:GetStepValueRequest messageId:4 stepValueRequest:<stepText:"Product detail sayfas\304\261 do\304\237rulama" > 
30-10-2021 15:08:43.527 [Gauge] [DEBUG] Sending API response: messageType:GetStepValueResponse messageId:4 stepValueResponse:<stepValue:<stepValue:"Product detail sayfas\304\261 do\304\237rulama" parameterizedStepValue:"Product detail sayfas\304\261 do\304\237rulama" > > 
30-10-2021 15:08:43.608 [Gauge] [DEBUG] Api Request Received: messageType:GetStepValueRequest messageId:4 stepValueRequest:<stepText:"\"com.ozdilek.ozdilekteyim:id/imgFav\" \304\260d'li elemente t\304\261kla" > 
30-10-2021 15:08:43.608 [Gauge] [DEBUG] Sending API response: messageType:GetStepValueResponse messageId:4 stepValueResponse:<stepValue:<stepValue:"{} \304\260d'li elemente t\304\261kla" parameterizedStepValue:"<com.ozdilek.ozdilekteyim:id/imgFav> \304\260d'li elemente t\304\261kla" parameters:"com.ozdilek.ozdilekteyim:id/imgFav" > > 
30-10-2021 15:08:43.608 [Gauge] [DEBUG] Api Request Received: messageType:GetStepValueRequest messageId:4 stepValueRequest:<stepText:"Login page do\304\237rulama" > 
30-10-2021 15:08:43.608 [Gauge] [DEBUG] Sending API response: messageType:GetStepValueResponse messageId:4 stepValueResponse:<stepValue:<stepValue:"Login page do\304\237rulama" parameterizedStepValue:"Login page do\304\237rulama" > > 
30-10-2021 15:08:43.632 [Gauge] [DEBUG] Api Request Received: messageType:GetStepValueRequest messageId:4 stepValueRequest:<stepText:"\"com.ozdilek.ozdilekteyim:id/etEposta\" \304\260d'li elemente \"text\" de\304\237erini yaz" > 
30-10-2021 15:08:43.640 [Gauge] [DEBUG] Sending API response: messageType:GetStepValueResponse messageId:4 stepValueResponse:<stepValue:<stepValue:"{} \304\260d'li elemente {} de\304\237erini yaz" parameterizedStepValue:"<com.ozdilek.ozdilekteyim:id/etEposta> \304\260d'li elemente <text> de\304\237erini yaz" parameters:"com.ozdilek.ozdilekteyim:id/etEposta" parameters:"text" > > 
30-10-2021 15:08:47.690 [Gauge] [INFO] Concept file added / modified: C:\Users\testinium\IdeaProjects\AppiumHomeworkToyanc\specs\steps.cpt
30-10-2021 15:08:47.715 [Gauge] [INFO] Concept file added / modified: C:\Users\testinium\IdeaProjects\AppiumHomeworkToyanc\specs\steps.cpt
30-10-2021 15:09:07.111 [Gauge] [INFO] Watching directory: C:\Users\testinium\IdeaProjects\AppiumHomeworkToyanc\specs
30-10-2021 15:09:07.113 [Gauge] [DEBUG] Found 2 files
30-10-2021 15:09:07.128 [Gauge] [ERROR] Concept parse failure: C:\Users\testinium\IdeaProjects\AppiumHomeworkToyanc\specs\steps.cpt C:\Users\testinium\IdeaProjects\AppiumHomeworkToyanc\specs\HomeworkOzdilek.cpt:10 Scenario Heading is not allowed in concept file => 'Ozdilek EndToEnd'
30-10-2021 15:09:07.128 [Gauge] [ERROR] Parse failure: [[ParseError] C:\Users\testinium\IdeaProjects\AppiumHomeworkToyanc\specs\HomeworkOzdilek.cpt:10 Scenario Heading is not allowed in concept file => 'Ozdilek EndToEnd']
30-10-2021 15:09:07.128 [Gauge] [INFO] Initializing concepts cache with 7 concepts
30-10-2021 15:09:07.128 [Gauge] [DEBUG] Adding concepts from C:\Users\testinium\IdeaProjects\AppiumHomeworkToyanc\specs\steps.cpt
30-10-2021 15:09:07.128 [Gauge] [DEBUG] Adding concepts from C:\Users\testinium\IdeaProjects\AppiumHomeworkToyanc\specs\steps.cpt
30-10-2021 15:09:07.128 [Gauge] [DEBUG] Adding concepts from C:\Users\testinium\IdeaProjects\AppiumHomeworkToyanc\specs\steps.cpt
30-10-2021 15:09:07.128 [Gauge] [DEBUG] Adding concepts from C:\Users\testinium\IdeaProjects\AppiumHomeworkToyanc\specs\steps.cpt
30-10-2021 15:09:07.128 [Gauge] [DEBUG] Adding concepts from C:\Users\testinium\IdeaProjects\AppiumHomeworkToyanc\specs\HomeworkOzdilek.cpt
30-10-2021 15:09:07.128 [Gauge] [DEBUG] Adding concepts from C:\Users\testinium\IdeaProjects\AppiumHomeworkToyanc\specs\steps.cpt
30-10-2021 15:09:07.128 [Gauge] [DEBUG] Adding concepts from C:\Users\testinium\IdeaProjects\AppiumHomeworkToyanc\specs\steps.cpt
30-10-2021 15:09:07.129 [Gauge] [INFO] Initializing specs cache with 0 specs
30-10-2021 15:09:07.129 [Gauge] [INFO] Initializing steps cache with 2 steps
30-10-2021 15:09:07.129 [Gauge] [INFO] Gauge daemon initialized and listening on port: 53111
30-10-2021 15:11:39.088 [Gauge] [DEBUG] Api Request Received: messageType:GetStepValueRequest messageId:4 stepValueRequest:<stepText:"* \"2\" saniye bekle" > 
30-10-2021 15:11:39.100 [Gauge] [DEBUG] Sending API response: messageType:GetStepValueResponse messageId:4 stepValueResponse:<stepValue:<stepValue:"* {} saniye bekle" parameterizedStepValue:"* <2> saniye bekle" parameters:"2" > > 
30-10-2021 15:11:39.100 [Gauge] [DEBUG] Api Request Received: messageType:GetStepValueRequest messageId:4 stepValueRequest:<stepText:"* A\303\247\304\261l\304\261\305\237 Sayfas\304\261 Kontrol" > 
30-10-2021 15:11:39.100 [Gauge] [DEBUG] Sending API response: messageType:GetStepValueResponse messageId:4 stepValueResponse:<stepValue:<stepValue:"* A\303\247\304\261l\304\261\305\237 Sayfas\304\261 Kontrol" parameterizedStepValue:"* A\303\247\304\261l\304\261\305\237 Sayfas\304\261 Kontrol" > > 
30-10-2021 15:11:39.101 [Gauge] [DEBUG] Api Request Received: messageType:GetStepValueRequest messageId:4 stepValueRequest:<stepText:"* \"com.ozdilek.ozdilekteyim:id/tv_startShoppingStore\" \304\260d'li elemente t\304\261kla" > 
30-10-2021 15:11:39.101 [Gauge] [DEBUG] Sending API response: messageType:GetStepValueResponse messageId:4 stepValueResponse:<stepValue:<stepValue:"* {} \304\260d'li elemente t\304\261kla" parameterizedStepValue:"* <com.ozdilek.ozdilekteyim:id/tv_startShoppingStore> \304\260d'li elemente t\304\261kla" parameters:"com.ozdilek.ozdilekteyim:id/tv_startShoppingStore" > > 
30-10-2021 15:11:39.101 [Gauge] [DEBUG] Api Request Received: messageType:GetStepValueRequest messageId:4 stepValueRequest:<stepText:"* \"1\" saniye bekle" > 
30-10-2021 15:11:39.101 [Gauge] [DEBUG] Sending API response: messageType:GetStepValueResponse messageId:4 stepValueResponse:<stepValue:<stepValue:"* {} saniye bekle" parameterizedStepValue:"* <1> saniye bekle" parameters:"1" > > 
30-10-2021 15:11:39.102 [Gauge] [DEBUG] Api Request Received: messageType:GetStepValueRequest messageId:4 stepValueRequest:<stepText:"* Al\304\261\305\237veri\305\237 Sayfas\304\261 Do\304\237rula" > 
30-10-2021 15:11:39.102 [Gauge] [DEBUG] Sending API response: messageType:GetStepValueResponse messageId:4 stepValueResponse:<stepValue:<stepValue:"* Al\304\261\305\237veri\305\237 Sayfas\304\261 Do\304\237rula" parameterizedStepValue:"* Al\304\261\305\237veri\305\237 Sayfas\304\261 Do\304\237rula" > > 
30-10-2021 15:11:39.102 [Gauge] [DEBUG] Api Request Received: messageType:GetStepValueRequest messageId:4 stepValueRequest:<stepText:"* \"com.ozdilek.ozdilekteyim:id/nav_categories\" \304\260d'li elemente t\304\261kla" > 
30-10-2021 15:11:39.103 [Gauge] [DEBUG] Sending API response: messageType:GetStepValueResponse messageId:4 stepValueResponse:<stepValue:<stepValue:"* {} \304\260d'li elemente t\304\261kla" parameterizedStepValue:"* <com.ozdilek.ozdilekteyim:id/nav_categories> \304\260d'li elemente t\304\261kla" parameters:"com.ozdilek.ozdilekteyim:id/nav_categories" > > 
30-10-2021 15:11:39.103 [Gauge] [DEBUG] Api Request Received: messageType:GetStepValueRequest messageId:4 stepValueRequest:<stepText:"* Kategori Sayfas\304\261 Kontrol" > 
30-10-2021 15:11:39.103 [Gauge] [DEBUG] Sending API response: messageType:GetStepValueResponse messageId:4 stepValueResponse:<stepValue:<stepValue:"* Kategori Sayfas\304\261 Kontrol" parameterizedStepValue:"* Kategori Sayfas\304\261 Kontrol" > > 
30-10-2021 15:11:39.103 [Gauge] [DEBUG] Api Request Received: messageType:GetStepValueRequest messageId:4 stepValueRequest:<stepText:"* \"//android.widget.RelativeLayout[@index=1]\" xpath'li elemente t\304\261kla" > 
30-10-2021 15:11:39.103 [Gauge] [DEBUG] Sending API response: messageType:GetStepValueResponse messageId:4 stepValueResponse:<stepValue:<stepValue:"* {} xpath'li elemente t\304\261kla" parameterizedStepValue:"* <//android.widget.RelativeLayout[@index=1]> xpath'li elemente t\304\261kla" parameters:"//android.widget.RelativeLayout[@index=1]" > > 
30-10-2021 15:11:39.104 [Gauge] [DEBUG] Api Request Received: messageType:GetStepValueRequest messageId:4 stepValueRequest:<stepText:"* \"//android.widget.TextView[@text='Pantolon']\" xpath'li elemente t\304\261kla" > 
30-10-2021 15:11:39.104 [Gauge] [DEBUG] Sending API response: messageType:GetStepValueResponse messageId:4 stepValueResponse:<stepValue:<stepValue:"* {} xpath'li elemente t\304\261kla" parameterizedStepValue:"* <//android.widget.TextView[@text='Pantolon']> xpath'li elemente t\304\261kla" parameters:"//android.widget.TextView[@text='Pantolon']" > > 
30-10-2021 15:11:39.104 [Gauge] [DEBUG] Api Request Received: messageType:GetStepValueRequest messageId:4 stepValueRequest:<stepText:"* sayfa boyunca scroll et" > 
30-10-2021 15:11:39.104 [Gauge] [DEBUG] Sending API response: messageType:GetStepValueResponse messageId:4 stepValueResponse:<stepValue:<stepValue:"* sayfa boyunca scroll et" parameterizedStepValue:"* sayfa boyunca scroll et" > > 
30-10-2021 15:11:39.105 [Gauge] [DEBUG] Api Request Received: messageType:GetStepValueRequest messageId:4 stepValueRequest:<stepText:"* \"//android.widget.ImageView[@resource-id='com.ozdilek.ozdilekteyim:id/imageView']\" xpath'te bulunan sayfada g\303\266r\303\274nen t\303\274m \303\274r\303\274nleri bul ve rastgele bir \303\274r\303\274ne t\304\261kla" > 
30-10-2021 15:11:39.105 [Gauge] [DEBUG] Sending API response: messageType:GetStepValueResponse messageId:4 stepValueResponse:<stepValue:<stepValue:"* {} xpath'te bulunan sayfada g\303\266r\303\274nen t\303\274m \303\274r\303\274nleri bul ve rastgele bir \303\274r\303\274ne t\304\261kla" parameterizedStepValue:"* <//android.widget.ImageView[@resource-id='com.ozdilek.ozdilekteyim:id/imageView']> xpath'te bulunan sayfada g\303\266r\303\274nen t\303\274m \303\274r\303\274nleri bul ve rastgele bir \303\274r\303\274ne t\304\261kla" parameters:"//android.widget.ImageView[@resource-id='com.ozdilek.ozdilekteyim:id/imageView']" > > 
30-10-2021 15:11:39.105 [Gauge] [DEBUG] Api Request Received: messageType:GetStepValueRequest messageId:4 stepValueRequest:<stepText:"* Product detail sayfas\304\261 do\304\237rulama" > 
30-10-2021 15:11:39.105 [Gauge] [DEBUG] Sending API response: messageType:GetStepValueResponse messageId:4 stepValueResponse:<stepValue:<stepValue:"* Product detail sayfas\304\261 do\304\237rulama" parameterizedStepValue:"* Product detail sayfas\304\261 do\304\237rulama" > > 
30-10-2021 15:11:39.105 [Gauge] [DEBUG] Api Request Received: messageType:GetStepValueRequest messageId:4 stepValueRequest:<stepText:"* \"com.ozdilek.ozdilekteyim:id/imgFav\" \304\260d'li elemente t\304\261kla" > 
30-10-2021 15:11:39.106 [Gauge] [DEBUG] Sending API response: messageType:GetStepValueResponse messageId:4 stepValueResponse:<stepValue:<stepValue:"* {} \304\260d'li elemente t\304\261kla" parameterizedStepValue:"* <com.ozdilek.ozdilekteyim:id/imgFav> \304\260d'li elemente t\304\261kla" parameters:"com.ozdilek.ozdilekteyim:id/imgFav" > > 
30-10-2021 15:11:39.106 [Gauge] [DEBUG] Api Request Received: messageType:GetStepValueRequest messageId:4 stepValueRequest:<stepText:"* Login page do\304\237rulama" > 
30-10-2021 15:11:39.106 [Gauge] [DEBUG] Sending API response: messageType:GetStepValueResponse messageId:4 stepValueResponse:<stepValue:<stepValue:"* Login page do\304\237rulama" parameterizedStepValue:"* Login page do\304\237rulama" > > 
30-10-2021 15:11:39.106 [Gauge] [DEBUG] Api Request Received: messageType:GetStepValueRequest messageId:4 stepValueRequest:<stepText:"* \"com.ozdilek.ozdilekteyim:id/etEposta\" \304\260d'li elemente \"text\" de\304\237erini yaz" > 
30-10-2021 15:11:39.107 [Gauge] [DEBUG] Sending API response: messageType:GetStepValueResponse messageId:4 stepValueResponse:<stepValue:<stepValue:"* {} \304\260d'li elemente {} de\304\237erini yaz" parameterizedStepValue:"* <com.ozdilek.ozdilekteyim:id/etEposta> \304\260d'li elemente <text> de\304\237erini yaz" parameters:"com.ozdilek.ozdilekteyim:id/etEposta" parameters:"text" > > 
30-10-2021 15:11:39.107 [Gauge] [DEBUG] Api Request Received: messageType:GetStepValueRequest messageId:4 stepValueRequest:<stepText:"* \"com.ozdilek.ozdilekteyim:id/etPassword\" \304\260d'li elemente \"sifre\" de\304\237erini yaz" > 
30-10-2021 15:11:39.107 [Gauge] [DEBUG] Sending API response: messageType:GetStepValueResponse messageId:4 stepValueResponse:<stepValue:<stepValue:"* {} \304\260d'li elemente {} de\304\237erini yaz" parameterizedStepValue:"* <com.ozdilek.ozdilekteyim:id/etPassword> \304\260d'li elemente <sifre> de\304\237erini yaz" parameters:"com.ozdilek.ozdilekteyim:id/etPassword" parameters:"sifre" > > 
30-10-2021 15:11:39.109 [Gauge] [DEBUG] Api Request Received: messageType:GetStepValueRequest messageId:4 stepValueRequest:<stepText:"* \"com.ozdilek.ozdilekteyim:id/ivBack\" \304\260d'li elemente t\304\261kla" > 
30-10-2021 15:11:39.109 [Gauge] [DEBUG] Sending API response: messageType:GetStepValueResponse messageId:4 stepValueResponse:<stepValue:<stepValue:"* {} \304\260d'li elemente t\304\261kla" parameterizedStepValue:"* <com.ozdilek.ozdilekteyim:id/ivBack> \304\260d'li elemente t\304\261kla" parameters:"com.ozdilek.ozdilekteyim:id/ivBack" > > 
30-10-2021 15:11:39.109 [Gauge] [DEBUG] Api Request Received: messageType:GetStepValueRequest messageId:4 stepValueRequest:<stepText:"* Sepete ekle" > 
30-10-2021 15:11:39.109 [Gauge] [DEBUG] Sending API response: messageType:GetStepValueResponse messageId:4 stepValueResponse:<stepValue:<stepValue:"* Sepete ekle" parameterizedStepValue:"* Sepete ekle" > > 
30-10-2021 15:11:39.109 [Gauge] [DEBUG] Api Request Received: messageType:GetStepValueRequest messageId:4 stepValueRequest:<stepText:"* \"3\" saniye bekle" > 
30-10-2021 15:11:39.110 [Gauge] [DEBUG] Sending API response: messageType:GetStepValueResponse messageId:4 stepValueResponse:<stepValue:<stepValue:"* {} saniye bekle" parameterizedStepValue:"* <3> saniye bekle" parameters:"3" > > 
30-10-2021 15:18:30.757 [Gauge] [INFO] Concept file removed: C:\Users\testinium\IdeaProjects\AppiumHomeworkToyanc\specs\HomeworkOzdilek.cpt
30-10-2021 15:18:44.106 [Gauge] [INFO] Spec file added / modified: C:\Users\testinium\IdeaProjects\AppiumHomeworkToyanc\specs\Homework.spec
30-10-2021 15:18:44.124 [Gauge] [INFO] Spec file added / modified: C:\Users\testinium\IdeaProjects\AppiumHomeworkToyanc\specs\Homework.spec
30-10-2021 15:18:44.150 [Gauge] [INFO] Spec file added / modified: C:\Users\testinium\IdeaProjects\AppiumHomeworkToyanc\specs\Homework.spec
30-10-2021 15:18:48.400 [Gauge] [INFO] Spec file added / modified: C:\Users\testinium\IdeaProjects\AppiumHomeworkToyanc\specs\Homework.spec
30-10-2021 15:19:13.505 [Gauge] [INFO] Spec file added / modified: C:\Users\testinium\IdeaProjects\AppiumHomeworkToyanc\specs\Homework.spec
30-10-2021 15:19:13.510 [Gauge] [INFO] Spec file added / modified: C:\Users\testinium\IdeaProjects\AppiumHomeworkToyanc\specs\Homework.spec
30-10-2021 15:51:50.164 [Gauge] [INFO] Watching directory: C:\Users\testinium\IdeaProjects\AppiumHomeworkToyanc\specs
30-10-2021 15:51:50.164 [Gauge] [DEBUG] Found 2 files
30-10-2021 15:51:50.170 [Gauge] [INFO] Initializing concepts cache with 6 concepts
30-10-2021 15:51:50.170 [Gauge] [DEBUG] Adding concepts from C:\Users\testinium\IdeaProjects\AppiumHomeworkToyanc\specs\steps.cpt
30-10-2021 15:51:50.170 [Gauge] [DEBUG] Adding concepts from C:\Users\testinium\IdeaProjects\AppiumHomeworkToyanc\specs\steps.cpt
30-10-2021 15:51:50.170 [Gauge] [DEBUG] Adding concepts from C:\Users\testinium\IdeaProjects\AppiumHomeworkToyanc\specs\steps.cpt
30-10-2021 15:51:50.170 [Gauge] [DEBUG] Adding concepts from C:\Users\testinium\IdeaProjects\AppiumHomeworkToyanc\specs\steps.cpt
30-10-2021 15:51:50.170 [Gauge] [DEBUG] Adding concepts from C:\Users\testinium\IdeaProjects\AppiumHomeworkToyanc\specs\steps.cpt
30-10-2021 15:51:50.170 [Gauge] [DEBUG] Adding concepts from C:\Users\testinium\IdeaProjects\AppiumHomeworkToyanc\specs\steps.cpt
30-10-2021 15:51:50.172 [Gauge] [INFO] Initializing specs cache with 1 specs
30-10-2021 15:51:50.172 [Gauge] [DEBUG] Adding specs from C:\Users\testinium\IdeaProjects\AppiumHomeworkToyanc\specs\Homework.spec
30-10-2021 15:51:50.172 [Gauge] [INFO] Initializing steps cache with 2 steps
30-10-2021 15:51:50.173 [Gauge] [INFO] Gauge daemon initialized and listening on port: 56190
30-10-2021 15:52:01.055 [Gauge] [DEBUG] Api Request Received: messageType:GetStepValueRequest messageId:4 stepValueRequest:<stepText:"A\303\247\304\261l\304\261\305\237 Sayfas\304\261 Kontrol" > 
30-10-2021 15:52:01.055 [Gauge] [DEBUG] Sending API response: messageType:GetStepValueResponse messageId:4 stepValueResponse:<stepValue:<stepValue:"A\303\247\304\261l\304\261\305\237 Sayfas\304\261 Kontrol" parameterizedStepValue:"A\303\247\304\261l\304\261\305\237 Sayfas\304\261 Kontrol" > > 
30-10-2021 15:52:01.236 [Gauge] [DEBUG] Api Request Received: messageType:GetStepValueRequest messageId:4 stepValueRequest:<stepText:"* \"2\" saniye bekle" > 
30-10-2021 15:52:01.236 [Gauge] [DEBUG] Sending API response: messageType:GetStepValueResponse messageId:4 stepValueResponse:<stepValue:<stepValue:"* {} saniye bekle" parameterizedStepValue:"* <2> saniye bekle" parameters:"2" > > 
30-10-2021 15:52:01.237 [Gauge] [DEBUG] Api Request Received: messageType:GetStepValueRequest messageId:4 stepValueRequest:<stepText:"* A\303\247\304\261l\304\261\305\237 Sayfas\304\261 Kontrol" > 
30-10-2021 15:52:01.237 [Gauge] [DEBUG] Sending API response: messageType:GetStepValueResponse messageId:4 stepValueResponse:<stepValue:<stepValue:"* A\303\247\304\261l\304\261\305\237 Sayfas\304\261 Kontrol" parameterizedStepValue:"* A\303\247\304\261l\304\261\305\237 Sayfas\304\261 Kontrol" > > 
30-10-2021 15:52:01.238 [Gauge] [DEBUG] Api Request Received: messageType:GetStepValueRequest messageId:4 stepValueRequest:<stepText:"* \"com.ozdilek.ozdilekteyim:id/tv_startShoppingStore\" \304\260d'li elemente t\304\261kla" > 
30-10-2021 15:52:01.238 [Gauge] [DEBUG] Sending API response: messageType:GetStepValueResponse messageId:4 stepValueResponse:<stepValue:<stepValue:"* {} \304\260d'li elemente t\304\261kla" parameterizedStepValue:"* <com.ozdilek.ozdilekteyim:id/tv_startShoppingStore> \304\260d'li elemente t\304\261kla" parameters:"com.ozdilek.ozdilekteyim:id/tv_startShoppingStore" > > 
30-10-2021 15:52:01.239 [Gauge] [DEBUG] Api Request Received: messageType:GetStepValueRequest messageId:4 stepValueRequest:<stepText:"* \"1\" saniye bekle" > 
30-10-2021 15:52:01.239 [Gauge] [DEBUG] Sending API response: messageType:GetStepValueResponse messageId:4 stepValueResponse:<stepValue:<stepValue:"* {} saniye bekle" parameterizedStepValue:"* <1> saniye bekle" parameters:"1" > > 
30-10-2021 15:52:01.239 [Gauge] [DEBUG] Api Request Received: messageType:GetStepValueRequest messageId:4 stepValueRequest:<stepText:"* Al\304\261\305\237veri\305\237 Sayfas\304\261 Do\304\237rula" > 
30-10-2021 15:52:01.240 [Gauge] [DEBUG] Sending API response: messageType:GetStepValueResponse messageId:4 stepValueResponse:<stepValue:<stepValue:"* Al\304\261\305\237veri\305\237 Sayfas\304\261 Do\304\237rula" parameterizedStepValue:"* Al\304\261\305\237veri\305\237 Sayfas\304\261 Do\304\237rula" > > 
30-10-2021 15:52:01.240 [Gauge] [DEBUG] Api Request Received: messageType:GetStepValueRequest messageId:4 stepValueRequest:<stepText:"* \"com.ozdilek.ozdilekteyim:id/nav_categories\" \304\260d'li elemente t\304\261kla" > 
30-10-2021 15:52:01.240 [Gauge] [DEBUG] Sending API response: messageType:GetStepValueResponse messageId:4 stepValueResponse:<stepValue:<stepValue:"* {} \304\260d'li elemente t\304\261kla" parameterizedStepValue:"* <com.ozdilek.ozdilekteyim:id/nav_categories> \304\260d'li elemente t\304\261kla" parameters:"com.ozdilek.ozdilekteyim:id/nav_categories" > > 
30-10-2021 15:52:01.240 [Gauge] [DEBUG] Api Request Received: messageType:GetStepValueRequest messageId:4 stepValueRequest:<stepText:"* Kategori Sayfas\304\261 Kontrol" > 
30-10-2021 15:52:01.240 [Gauge] [DEBUG] Sending API response: messageType:GetStepValueResponse messageId:4 stepValueResponse:<stepValue:<stepValue:"* Kategori Sayfas\304\261 Kontrol" parameterizedStepValue:"* Kategori Sayfas\304\261 Kontrol" > > 
30-10-2021 15:52:01.241 [Gauge] [DEBUG] Api Request Received: messageType:GetStepValueRequest messageId:4 stepValueRequest:<stepText:"* \"//android.widget.RelativeLayout[@index=1]\" xpath'li elemente t\304\261kla" > 
30-10-2021 15:52:01.241 [Gauge] [DEBUG] Sending API response: messageType:GetStepValueResponse messageId:4 stepValueResponse:<stepValue:<stepValue:"* {} xpath'li elemente t\304\261kla" parameterizedStepValue:"* <//android.widget.RelativeLayout[@index=1]> xpath'li elemente t\304\261kla" parameters:"//android.widget.RelativeLayout[@index=1]" > > 
30-10-2021 15:52:01.241 [Gauge] [DEBUG] Api Request Received: messageType:GetStepValueRequest messageId:4 stepValueRequest:<stepText:"* \"//android.widget.TextView[@text='Pantolon']\" xpath'li elemente t\304\261kla" > 
30-10-2021 15:52:01.241 [Gauge] [DEBUG] Sending API response: messageType:GetStepValueResponse messageId:4 stepValueResponse:<stepValue:<stepValue:"* {} xpath'li elemente t\304\261kla" parameterizedStepValue:"* <//android.widget.TextView[@text='Pantolon']> xpath'li elemente t\304\261kla" parameters:"//android.widget.TextView[@text='Pantolon']" > > 
30-10-2021 15:52:01.241 [Gauge] [DEBUG] Api Request Received: messageType:GetStepValueRequest messageId:4 stepValueRequest:<stepText:"* sayfa boyunca scroll et" > 
30-10-2021 15:52:01.241 [Gauge] [DEBUG] Sending API response: messageType:GetStepValueResponse messageId:4 stepValueResponse:<stepValue:<stepValue:"* sayfa boyunca scroll et" parameterizedStepValue:"* sayfa boyunca scroll et" > > 
30-10-2021 15:52:01.242 [Gauge] [DEBUG] Api Request Received: messageType:GetStepValueRequest messageId:4 stepValueRequest:<stepText:"* \"//android.widget.ImageView[@resource-id='com.ozdilek.ozdilekteyim:id/imageView']\" xpath'te bulunan sayfada g\303\266r\303\274nen t\303\274m \303\274r\303\274nleri bul ve rastgele bir \303\274r\303\274ne t\304\261kla" > 
30-10-2021 15:52:01.242 [Gauge] [DEBUG] Sending API response: messageType:GetStepValueResponse messageId:4 stepValueResponse:<stepValue:<stepValue:"* {} xpath'te bulunan sayfada g\303\266r\303\274nen t\303\274m \303\274r\303\274nleri bul ve rastgele bir \303\274r\303\274ne t\304\261kla" parameterizedStepValue:"* <//android.widget.ImageView[@resource-id='com.ozdilek.ozdilekteyim:id/imageView']> xpath'te bulunan sayfada g\303\266r\303\274nen t\303\274m \303\274r\303\274nleri bul ve rastgele bir \303\274r\303\274ne t\304\261kla" parameters:"//android.widget.ImageView[@resource-id='com.ozdilek.ozdilekteyim:id/imageView']" > > 
30-10-2021 15:52:01.242 [Gauge] [DEBUG] Api Request Received: messageType:GetStepValueRequest messageId:4 stepValueRequest:<stepText:"* Product detail sayfas\304\261 do\304\237rulama" > 
30-10-2021 15:52:01.242 [Gauge] [DEBUG] Sending API response: messageType:GetStepValueResponse messageId:4 stepValueResponse:<stepValue:<stepValue:"* Product detail sayfas\304\261 do\304\237rulama" parameterizedStepValue:"* Product detail sayfas\304\261 do\304\237rulama" > > 
30-10-2021 15:52:01.243 [Gauge] [DEBUG] Api Request Received: messageType:GetStepValueRequest messageId:4 stepValueRequest:<stepText:"* \"com.ozdilek.ozdilekteyim:id/imgFav\" \304\260d'li elemente t\304\261kla" > 
30-10-2021 15:52:01.244 [Gauge] [DEBUG] Sending API response: messageType:GetStepValueResponse messageId:4 stepValueResponse:<stepValue:<stepValue:"* {} \304\260d'li elemente t\304\261kla" parameterizedStepValue:"* <com.ozdilek.ozdilekteyim:id/imgFav> \304\260d'li elemente t\304\261kla" parameters:"com.ozdilek.ozdilekteyim:id/imgFav" > > 
30-10-2021 15:52:01.244 [Gauge] [DEBUG] Api Request Received: messageType:GetStepValueRequest messageId:4 stepValueRequest:<stepText:"* Login page do\304\237rulama" > 
30-10-2021 15:52:01.244 [Gauge] [DEBUG] Sending API response: messageType:GetStepValueResponse messageId:4 stepValueResponse:<stepValue:<stepValue:"* Login page do\304\237rulama" parameterizedStepValue:"* Login page do\304\237rulama" > > 
30-10-2021 15:52:01.244 [Gauge] [DEBUG] Api Request Received: messageType:GetStepValueRequest messageId:4 stepValueRequest:<stepText:"* \"com.ozdilek.ozdilekteyim:id/etEposta\" \304\260d'li elemente \"text\" de\304\237erini yaz" > 
30-10-2021 15:52:01.244 [Gauge] [DEBUG] Sending API response: messageType:GetStepValueResponse messageId:4 stepValueResponse:<stepValue:<stepValue:"* {} \304\260d'li elemente {} de\304\237erini yaz" parameterizedStepValue:"* <com.ozdilek.ozdilekteyim:id/etEposta> \304\260d'li elemente <text> de\304\237erini yaz" parameters:"com.ozdilek.ozdilekteyim:id/etEposta" parameters:"text" > > 
30-10-2021 15:52:01.245 [Gauge] [DEBUG] Api Request Received: messageType:GetStepValueRequest messageId:4 stepValueRequest:<stepText:"* \"com.ozdilek.ozdilekteyim:id/etPassword\" \304\260d'li elemente \"sifre\" de\304\237erini yaz" > 
30-10-2021 15:52:01.245 [Gauge] [DEBUG] Sending API response: messageType:GetStepValueResponse messageId:4 stepValueResponse:<stepValue:<stepValue:"* {} \304\260d'li elemente {} de\304\237erini yaz" parameterizedStepValue:"* <com.ozdilek.ozdilekteyim:id/etPassword> \304\260d'li elemente <sifre> de\304\237erini yaz" parameters:"com.ozdilek.ozdilekteyim:id/etPassword" parameters:"sifre" > > 
30-10-2021 15:52:01.245 [Gauge] [DEBUG] Api Request Received: messageType:GetStepValueRequest messageId:4 stepValueRequest:<stepText:"* \"com.ozdilek.ozdilekteyim:id/ivBack\" \304\260d'li elemente t\304\261kla" > 
30-10-2021 15:52:01.245 [Gauge] [DEBUG] Sending API response: messageType:GetStepValueResponse messageId:4 stepValueResponse:<stepValue:<stepValue:"* {} \304\260d'li elemente t\304\261kla" parameterizedStepValue:"* <com.ozdilek.ozdilekteyim:id/ivBack> \304\260d'li elemente t\304\261kla" parameters:"com.ozdilek.ozdilekteyim:id/ivBack" > > 
30-10-2021 15:52:01.246 [Gauge] [DEBUG] Api Request Received: messageType:GetStepValueRequest messageId:4 stepValueRequest:<stepText:"* Sepete ekle" > 
30-10-2021 15:52:01.246 [Gauge] [DEBUG] Sending API response: messageType:GetStepValueResponse messageId:4 stepValueResponse:<stepValue:<stepValue:"* Sepete ekle" parameterizedStepValue:"* Sepete ekle" > > 
30-10-2021 15:52:01.246 [Gauge] [DEBUG] Api Request Received: messageType:GetStepValueRequest messageId:4 stepValueRequest:<stepText:"* \"3\" saniye bekle" > 
30-10-2021 15:52:01.246 [Gauge] [DEBUG] Sending API response: messageType:GetStepValueResponse messageId:4 stepValueResponse:<stepValue:<stepValue:"* {} saniye bekle" parameterizedStepValue:"* <3> saniye bekle" parameters:"3" > > 
30-10-2021 15:52:01.253 [Gauge] [DEBUG] Api Request Received: messageType:GetStepValueRequest messageId:4 stepValueRequest:<stepText:"Al\304\261\305\237veri\305\237e Ba\305\237la" > 
30-10-2021 15:52:01.253 [Gauge] [DEBUG] Sending API response: messageType:GetStepValueResponse messageId:4 stepValueResponse:<stepValue:<stepValue:"Al\304\261\305\237veri\305\237e Ba\305\237la" parameterizedStepValue:"Al\304\261\305\237veri\305\237e Ba\305\237la" > > 
30-10-2021 15:52:01.254 [Gauge] [DEBUG] Api Request Received: messageType:GetStepValueRequest messageId:4 stepValueRequest:<stepText:"Kad\304\261n kategorisinde pantolon sayfas\304\261na git" > 
30-10-2021 15:52:01.254 [Gauge] [DEBUG] Sending API response: messageType:GetStepValueResponse messageId:4 stepValueResponse:<stepValue:<stepValue:"Kad\304\261n kategorisinde pantolon sayfas\304\261na git" parameterizedStepValue:"Kad\304\261n kategorisinde pantolon sayfas\304\261na git" > > 
30-10-2021 15:52:01.254 [Gauge] [DEBUG] Api Request Received: messageType:GetStepValueRequest messageId:4 stepValueRequest:<stepText:"\304\260ki defa scroll et ve rastgele bir \303\274r\303\274n se\303\247" > 
30-10-2021 15:52:01.254 [Gauge] [DEBUG] Sending API response: messageType:GetStepValueResponse messageId:4 stepValueResponse:<stepValue:<stepValue:"\304\260ki defa scroll et ve rastgele bir \303\274r\303\274n se\303\247" parameterizedStepValue:"\304\260ki defa scroll et ve rastgele bir \303\274r\303\274n se\303\247" > > 
30-10-2021 15:52:01.255 [Gauge] [DEBUG] Api Request Received: messageType:GetStepValueRequest messageId:4 stepValueRequest:<stepText:"Login sayfas\304\261nda i\305\237lemleri yap" > 
30-10-2021 15:52:01.255 [Gauge] [DEBUG] Sending API response: messageType:GetStepValueResponse messageId:4 stepValueResponse:<stepValue:<stepValue:"Login sayfas\304\261nda i\305\237lemleri yap" parameterizedStepValue:"Login sayfas\304\261nda i\305\237lemleri yap" > > 
30-10-2021 15:52:01.255 [Gauge] [DEBUG] Api Request Received: messageType:GetStepValueRequest messageId:4 stepValueRequest:<stepText:"\304\260ki defa geri git" > 
30-10-2021 15:52:01.255 [Gauge] [DEBUG] Sending API response: messageType:GetStepValueResponse messageId:4 stepValueResponse:<stepValue:<stepValue:"\304\260ki defa geri git" parameterizedStepValue:"\304\260ki defa geri git" > > 
30-10-2021 15:52:01.256 [Gauge] [DEBUG] Api Request Received: messageType:GetStepValueRequest messageId:4 stepValueRequest:<stepText:"Rastgele bir \303\274r\303\274n se\303\247 ve sepete ekle" > 
30-10-2021 15:52:01.256 [Gauge] [DEBUG] Sending API response: messageType:GetStepValueResponse messageId:4 stepValueResponse:<stepValue:<stepValue:"Rastgele bir \303\274r\303\274n se\303\247 ve sepete ekle" parameterizedStepValue:"Rastgele bir \303\274r\303\274n se\303\247 ve sepete ekle" > > 
30-10-2021 15:52:05.283 [Gauge] [DEBUG] Api Request Received: messageType:GetStepValueRequest messageId:4 stepValueRequest:<stepText:"<Key> \304\260d'li elemente <keywordc> de\304\237erini yaz" > 
30-10-2021 15:52:05.284 [Gauge] [DEBUG] Sending API response: messageType:GetStepValueResponse messageId:4 stepValueResponse:<stepValue:<stepValue:"{} \304\260d'li elemente {} de\304\237erini yaz" parameterizedStepValue:"<Key> \304\260d'li elemente <keywordc> de\304\237erini yaz" parameters:"Key" parameters:"keywordc" > > 
30-10-2021 15:52:05.451 [Gauge] [DEBUG] Api Request Received: messageType:GetStepValueRequest messageId:4 stepValueRequest:<stepText:"<Key> xpath'li elemente t\304\261kla" > 
30-10-2021 15:52:05.499 [Gauge] [DEBUG] Sending API response: messageType:GetStepValueResponse messageId:4 stepValueResponse:<stepValue:<stepValue:"{} xpath'li elemente t\304\261kla" parameterizedStepValue:"<Key> xpath'li elemente t\304\261kla" parameters:"Key" > > 
30-10-2021 15:52:13.157 [Gauge] [DEBUG] Api Request Received: messageType:GetStepValueRequest messageId:4 stepValueRequest:<stepText:"<time> saniye bekle" > 
30-10-2021 15:52:13.157 [Gauge] [DEBUG] Sending API response: messageType:GetStepValueResponse messageId:4 stepValueResponse:<stepValue:<stepValue:"{} saniye bekle" parameterizedStepValue:"<time> saniye bekle" parameters:"time" > > 
30-10-2021 15:52:13.175 [Gauge] [DEBUG] Api Request Received: messageType:GetStepValueRequest messageId:4 stepValueRequest:<stepText:"<Key> \304\260d'li elemente t\304\261kla" > 
30-10-2021 15:52:13.175 [Gauge] [DEBUG] Sending API response: messageType:GetStepValueResponse messageId:4 stepValueResponse:<stepValue:<stepValue:"{} \304\260d'li elemente t\304\261kla" parameterizedStepValue:"<Key> \304\260d'li elemente t\304\261kla" parameters:"Key" > > 
30-10-2021 15:52:13.187 [Gauge] [DEBUG] Api Request Received: messageType:GetStepValueRequest messageId:4 stepValueRequest:<stepText:"sayfa boyunca scroll et" > 
30-10-2021 15:52:13.187 [Gauge] [DEBUG] Sending API response: messageType:GetStepValueResponse messageId:4 stepValueResponse:<stepValue:<stepValue:"sayfa boyunca scroll et" parameterizedStepValue:"sayfa boyunca scroll et" > > 
30-10-2021 15:52:13.204 [Gauge] [DEBUG] Api Request Received: messageType:GetStepValueRequest messageId:4 stepValueRequest:<stepText:"<Key> xpath'te bulunan sayfada g\303\266r\303\274nen t\303\274m \303\274r\303\274nleri bul ve rastgele bir \303\274r\303\274ne t\304\261kla" > 
30-10-2021 15:52:13.204 [Gauge] [DEBUG] Sending API response: messageType:GetStepValueResponse messageId:4 stepValueResponse:<stepValue:<stepValue:"{} xpath'te bulunan sayfada g\303\266r\303\274nen t\303\274m \303\274r\303\274nleri bul ve rastgele bir \303\274r\303\274ne t\304\261kla" parameterizedStepValue:"<Key> xpath'te bulunan sayfada g\303\266r\303\274nen t\303\274m \303\274r\303\274nleri bul ve rastgele bir \303\274r\303\274ne t\304\261kla" parameters:"Key" > > 
30-10-2021 15:52:13.215 [Gauge] [DEBUG] Api Request Received: messageType:GetStepValueRequest messageId:4 stepValueRequest:<stepText:"Sepete ekle" > 
30-10-2021 15:52:13.216 [Gauge] [DEBUG] Sending API response: messageType:GetStepValueResponse messageId:4 stepValueResponse:<stepValue:<stepValue:"Sepete ekle" parameterizedStepValue:"Sepete ekle" > > 
30-10-2021 15:52:16.177 [Gauge] [DEBUG] Api Request Received: messageType:GetStepValueRequest messageId:4 stepValueRequest:<stepText:"Kategori Sayfas\304\261 Kontrol" > 
30-10-2021 15:52:16.177 [Gauge] [DEBUG] Sending API response: messageType:GetStepValueResponse messageId:4 stepValueResponse:<stepValue:<stepValue:"Kategori Sayfas\304\261 Kontrol" parameterizedStepValue:"Kategori Sayfas\304\261 Kontrol" > > 
30-10-2021 15:52:16.178 [Gauge] [DEBUG] Api Request Received: messageType:GetStepValueRequest messageId:4 stepValueRequest:<stepText:"Login page do\304\237rulama" > 
30-10-2021 15:52:16.178 [Gauge] [DEBUG] Sending API response: messageType:GetStepValueResponse messageId:4 stepValueResponse:<stepValue:<stepValue:"Login page do\304\237rulama" parameterizedStepValue:"Login page do\304\237rulama" > > 
30-10-2021 15:52:16.178 [Gauge] [DEBUG] Api Request Received: messageType:GetStepValueRequest messageId:4 stepValueRequest:<stepText:"Product detail sayfas\304\261 do\304\237rulama" > 
30-10-2021 15:52:16.178 [Gauge] [DEBUG] Sending API response: messageType:GetStepValueResponse messageId:4 stepValueResponse:<stepValue:<stepValue:"Product detail sayfas\304\261 do\304\237rulama" parameterizedStepValue:"Product detail sayfas\304\261 do\304\237rulama" > > 
30-10-2021 15:52:16.179 [Gauge] [DEBUG] Api Request Received: messageType:GetStepValueRequest messageId:4 stepValueRequest:<stepText:"Al\304\261\305\237veri\305\237 Sayfas\304\261 Do\304\237rula" > 
30-10-2021 15:52:16.179 [Gauge] [DEBUG] Sending API response: messageType:GetStepValueResponse messageId:4 stepValueResponse:<stepValue:<stepValue:"Al\304\261\305\237veri\305\237 Sayfas\304\261 Do\304\237rula" parameterizedStepValue:"Al\304\261\305\237veri\305\237 Sayfas\304\261 Do\304\237rula" > > 
30-10-2021 15:52:16.353 [Gauge] [DEBUG] Api Request Received: messageType:GetStepValueRequest messageId:4 stepValueRequest:<stepText:" Al\304\261\305\237veri\305\237e Ba\305\237la" > 
30-10-2021 15:52:16.354 [Gauge] [DEBUG] Sending API response: messageType:GetStepValueResponse messageId:4 stepValueResponse:<stepValue:<stepValue:"Al\304\261\305\237veri\305\237e Ba\305\237la" parameterizedStepValue:"Al\304\261\305\237veri\305\237e Ba\305\237la" > > 
30-10-2021 15:52:16.437 [Gauge] [DEBUG] Api Request Received: messageType:GetStepValueRequest messageId:4 stepValueRequest:<stepText:" Kad\304\261n kategorisinde pantolon sayfas\304\261na git" > 
30-10-2021 15:52:16.437 [Gauge] [DEBUG] Sending API response: messageType:GetStepValueResponse messageId:4 stepValueResponse:<stepValue:<stepValue:"Kad\304\261n kategorisinde pantolon sayfas\304\261na git" parameterizedStepValue:"Kad\304\261n kategorisinde pantolon sayfas\304\261na git" > > 
30-10-2021 15:52:16.494 [Gauge] [DEBUG] Api Request Received: messageType:GetStepValueRequest messageId:4 stepValueRequest:<stepText:" \304\260ki defa scroll et ve rastgele bir \303\274r\303\274n se\303\247" > 
30-10-2021 15:52:16.494 [Gauge] [DEBUG] Sending API response: messageType:GetStepValueResponse messageId:4 stepValueResponse:<stepValue:<stepValue:"\304\260ki defa scroll et ve rastgele bir \303\274r\303\274n se\303\247" parameterizedStepValue:"\304\260ki defa scroll et ve rastgele bir \303\274r\303\274n se\303\247" > > 
30-10-2021 15:52:16.545 [Gauge] [DEBUG] Api Request Received: messageType:GetStepValueRequest messageId:4 stepValueRequest:<stepText:" Login sayfas\304\261nda i\305\237lemleri yap" > 
30-10-2021 15:52:16.545 [Gauge] [DEBUG] Sending API response: messageType:GetStepValueResponse messageId:4 stepValueResponse:<stepValue:<stepValue:"Login sayfas\304\261nda i\305\237lemleri yap" parameterizedStepValue:"Login sayfas\304\261nda i\305\237lemleri yap" > > 
30-10-2021 15:52:16.581 [Gauge] [DEBUG] Api Request Received: messageType:GetStepValueRequest messageId:4 stepValueRequest:<stepText:" \304\260ki defa geri git" > 
30-10-2021 15:52:16.581 [Gauge] [DEBUG] Sending API response: messageType:GetStepValueResponse messageId:4 stepValueResponse:<stepValue:<stepValue:"\304\260ki defa geri git" parameterizedStepValue:"\304\260ki defa geri git" > > 
30-10-2021 15:52:16.655 [Gauge] [DEBUG] Api Request Received: messageType:GetStepValueRequest messageId:4 stepValueRequest:<stepText:" Rastgele bir \303\274r\303\274n se\303\247 ve sepete ekle" > 
30-10-2021 15:52:16.656 [Gauge] [DEBUG] Sending API response: messageType:GetStepValueResponse messageId:4 stepValueResponse:<stepValue:<stepValue:"Rastgele bir \303\274r\303\274n se\303\247 ve sepete ekle" parameterizedStepValue:"Rastgele bir \303\274r\303\274n se\303\247 ve sepete ekle" > > 
30-10-2021 15:52:19.668 [Gauge] [INFO] Spec file added / modified: C:\Users\testinium\IdeaProjects\AppiumHomeworkToyanc\specs\Homework.spec
30-10-2021 15:52:19.671 [Gauge] [INFO] Spec file added / modified: C:\Users\testinium\IdeaProjects\AppiumHomeworkToyanc\specs\Homework.spec
30-10-2021 16:52:30.513 [Gauge] [INFO] Watching directory: C:\Users\testinium\IdeaProjects\AppiumHomeworkToyanc\specs
30-10-2021 16:52:30.515 [Gauge] [DEBUG] Found 2 files
30-10-2021 16:52:30.520 [Gauge] [INFO] Initializing concepts cache with 6 concepts
30-10-2021 16:52:30.520 [Gauge] [DEBUG] Adding concepts from C:\Users\testinium\IdeaProjects\AppiumHomeworkToyanc\specs\steps.cpt
30-10-2021 16:52:30.520 [Gauge] [DEBUG] Adding concepts from C:\Users\testinium\IdeaProjects\AppiumHomeworkToyanc\specs\steps.cpt
30-10-2021 16:52:30.520 [Gauge] [DEBUG] Adding concepts from C:\Users\testinium\IdeaProjects\AppiumHomeworkToyanc\specs\steps.cpt
30-10-2021 16:52:30.520 [Gauge] [DEBUG] Adding concepts from C:\Users\testinium\IdeaProjects\AppiumHomeworkToyanc\specs\steps.cpt
30-10-2021 16:52:30.520 [Gauge] [DEBUG] Adding concepts from C:\Users\testinium\IdeaProjects\AppiumHomeworkToyanc\specs\steps.cpt
30-10-2021 16:52:30.520 [Gauge] [DEBUG] Adding concepts from C:\Users\testinium\IdeaProjects\AppiumHomeworkToyanc\specs\steps.cpt
30-10-2021 16:52:30.520 [Gauge] [INFO] Concept file added / modified: C:\Users\testinium\IdeaProjects\AppiumHomeworkToyanc\specs\steps.cpt
30-10-2021 16:52:30.522 [Gauge] [INFO] Initializing specs cache with 1 specs
30-10-2021 16:52:30.522 [Gauge] [DEBUG] Adding specs from C:\Users\testinium\IdeaProjects\AppiumHomeworkToyanc\specs\Homework.spec
30-10-2021 16:52:30.524 [Gauge] [INFO] Initializing steps cache with 2 steps
